<?xml version="1.0" encoding="UTF-8"?>
<testng-results ignored="0" total="1" passed="1" failed="0" skipped="0">
  <reporter-output>
  </reporter-output>
  <suite started-at="2023-02-06T11:54:42 IST" name="Suite" finished-at="2023-02-06T11:54:56 IST" duration-ms="13858">
    <groups>
    </groups>
    <test started-at="2023-02-06T11:54:42 IST" name="Test" finished-at="2023-02-06T11:54:56 IST" duration-ms="13858">
      <class name="prac.hem">
        <test-method signature="cl()[pri:0, instance:prac.hem@53045c6c]" started-at="2023-02-06T11:54:42 IST" name="cl" finished-at="2023-02-06T11:54:56 IST" duration-ms="13789" status="PASS">
          <reporter-output>
          </reporter-output>
        </test-method> <!-- cl -->
      </class> <!-- prac.hem -->
    </test> <!-- Test -->
  </suite> <!-- Suite -->
</testng-results>
